{
    "Role": {
        "Path": "/",
        "RoleName": "lambda-example",
        "RoleId": "AROA5AIPAK6ZOBBHWYKXT",
        "Arn": "arn:aws:iam::893921548210:role/lambda-example",
        "CreateDate": "2022-02-20T00:20:58+00:00",
        "AssumeRolePolicyDocument": {
            "Version": "2012-10-17",
            "Statement": [
                {
                    "Effect": "Allow",
                    "Principal": {
                        "Service": "lambda.amazonaws.com"
                    },
                    "Action": "sts:AssumeRole"
                }
            ]
        }
    }
}
